<?xml version="1.0" encoding="UTF-8"?>
<!-- Generated by org.testng.reporters.JUnitXMLReporter -->
<testsuite hostname="Narayan-PC" ignored="0" name="EmployeeRecords" tests="21" failures="2" timestamp="06 Aug 2019 00:55:53 GMT" time="51.928" errors="0">
  <testcase name="checkContentEncoding" time="0.396" classname="com.employeeapi.testcases.TC001_Get_All_Emplyees"/>
  <testcase name="checkContentLength" time="0.016" classname="com.employeeapi.testcases.TC001_Get_All_Emplyees">
    <failure type="java.lang.NumberFormatException" message="null">
      <![CDATA[java.lang.NumberFormatException: null
at java.lang.Integer.parseInt(Unknown Source)
at java.lang.Integer.parseInt(Unknown Source)
at com.employeeapi.testcases.TC001_Get_All_Emplyees.checkContentLength(TC001_Get_All_Emplyees.java:98)
... Removed 25 stack frames]]>
    </failure>
  </testcase> <!-- checkContentLength -->
  <testcase name="checkContentType" time="0.01" classname="com.employeeapi.testcases.TC001_Get_All_Emplyees"/>
  <testcase name="checkCookies" time="0.046" classname="com.employeeapi.testcases.TC001_Get_All_Emplyees"/>
  <testcase name="checkResponseBody" time="3.848" classname="com.employeeapi.testcases.TC001_Get_All_Emplyees"/>
  <testcase name="checkResponseTime" time="0.007" classname="com.employeeapi.testcases.TC001_Get_All_Emplyees"/>
  <testcase name="checkServerType" time="0.006" classname="com.employeeapi.testcases.TC001_Get_All_Emplyees"/>
  <testcase name="checkStatusCode" time="0.022" classname="com.employeeapi.testcases.TC001_Get_All_Emplyees"/>
  <testcase name="checkStatusLine" time="0.007" classname="com.employeeapi.testcases.TC001_Get_All_Emplyees"/>
  <testcase name="checkContentEncoding" time="0.008" classname="com.employeeapi.testcases.TC002_Get_Single_Employee_Record"/>
  <testcase name="checkContentLength" time="0.021" classname="com.employeeapi.testcases.TC002_Get_Single_Employee_Record">
    <failure type="java.lang.AssertionError" message="expected [true] but found [false]">
      <![CDATA[java.lang.AssertionError: expected [true] but found [false]
at com.employeeapi.testcases.TC002_Get_Single_Employee_Record.checkContentLength(TC002_Get_Single_Employee_Record.java:101)
... Removed 29 stack frames]]>
    </failure>
  </testcase> <!-- checkContentLength -->
  <testcase name="checkContentType" time="0.014" classname="com.employeeapi.testcases.TC002_Get_Single_Employee_Record"/>
  <testcase name="checkCookies" time="0.017" classname="com.employeeapi.testcases.TC002_Get_Single_Employee_Record"/>
  <testcase name="checkResponseBody" time="0.01" classname="com.employeeapi.testcases.TC002_Get_Single_Employee_Record"/>
  <testcase name="checkResponseTime" time="0.01" classname="com.employeeapi.testcases.TC002_Get_Single_Employee_Record"/>
  <testcase name="checkServerType" time="0.007" classname="com.employeeapi.testcases.TC002_Get_Single_Employee_Record"/>
  <testcase name="checkStatusCode" time="0.021" classname="com.employeeapi.testcases.TC002_Get_Single_Employee_Record"/>
  <testcase name="checkStatusLine" time="0.011" classname="com.employeeapi.testcases.TC002_Get_Single_Employee_Record"/>
  <testcase name="checkResponseBody" time="0.005" classname="com.employeeapi.testcases.TC003_Post_Employee_Record"/>
  <testcase name="checkResponseBody" time="0.011" classname="com.employeeapi.testcases.TC004_Put_Employee_Record"/>
  <testcase name="CheckResponseBody" time="0.026" classname="com.employeeapi.testcases.TC005_Delete_Employee_Record"/>
</testsuite> <!-- EmployeeRecords -->
